2020/07/20 13:33:54 {"callers":["/Users/taotao/go_www/src/blog_service/main.go: 37 main.init.0"],"level":"info","message":"eddycjy: go-programming-tour-book/blog-service","time":1595223234029345000}
2020/07/20 18:33:28 {"callers":["/Users/taotao/go_www/src/blog_service/main.go: 47 main.init.0"],"level":"error","message":"app.BindAndValid errs: State必须是[0 1]中的一个","time":1595241208648757000}
2020/07/20 18:37:27 {"callers":["/Users/taotao/go_www/src/blog_service/main.go: 47 main.init.0"],"level":"error","message":"app.BindAndValid errs: State必须是[0 1]中的一个","time":1595241447891260000}
2020/07/26 15:59:32 {"callers":["/Users/taotao/go_www/src/blog_service/main.go: 46 main.init.0"],"level":"error","message":"app.BindAndValid errs:[]","time":1595750372522935000}
2020/07/26 15:59:44 {"callers":["/Users/taotao/go_www/src/blog_service/main.go: 46 main.init.0"],"level":"error","message":"app.BindAndValid errs:[]","time":1595750384300736000}
2020/07/26 17:42:22 {"callers":["/Users/taotao/go_www/src/blog_service/main.go: 46 main.init.0"],"level":"error","message":"app.BindAndValid errs:[]","time":1595756542908413000}
2020/07/29 22:15:59 {"callers":["/Users/taotao/go_www/src/blog_service/main.go: 47 main.init.0"],"level":"error","message":"app.BindAndValid errs:[]","time":1596032159809384000}
2020/07/29 22:16:38 {"callers":["/Users/taotao/go_www/src/blog_service/main.go: 47 main.init.0"],"level":"error","message":"app.BindAndValid errs:[]","time":1596032198736083000}
2020/07/29 22:17:42 {"callers":["/Users/taotao/go_www/src/blog_service/main.go: 47 main.init.0"],"level":"error","message":"app.BindAndValid errs:[]","time":1596032262129930000}
2020/07/29 22:17:46 {"callers":["/Users/taotao/go_www/src/blog_service/main.go: 47 main.init.0"],"level":"error","message":"app.BindAndValid errs:[]","time":1596032266923436000}
2020/07/29 22:19:08 {"callers":["/Users/taotao/go_www/src/blog_service/main.go: 47 main.init.0"],"level":"error","message":"app.BindAndValid errs:[AppKey为必填字段 AppSecret为必填字段]","time":1596032348164125000}
2020/07/29 22:20:07 {"callers":["/Users/taotao/go_www/src/blog_service/main.go: 47 main.init.0"],"level":"error","message":"app.BindAndValid errs:[AppKey为必填字段 AppSecret为必填字段]","time":1596032407280891000}
2020/07/29 22:23:25 {"callers":["/Users/taotao/go_www/src/blog_service/main.go: 47 main.init.0"],"level":"error","message":"app.BindAndValid errs:[AppKey为必填字段 AppSecret为必填字段]","time":1596032605458962000}
2020/07/29 22:23:36 {"callers":["/Users/taotao/go_www/src/blog_service/main.go: 47 main.init.0"],"level":"error","message":"app.BindAndValid errs:[AppKey为必填字段 AppSecret为必填字段]","time":1596032616336074000}
2020/07/29 22:23:55 {"callers":["/Users/taotao/go_www/src/blog_service/main.go: 47 main.init.0"],"level":"error","message":"app.BindAndValid errs:[]","time":1596032635056737000}
2020/07/29 22:24:11 {"callers":["/Users/taotao/go_www/src/blog_service/main.go: 47 main.init.0"],"level":"error","message":"app.BindAndValid errs:[AppKey为必填字段 AppSecret为必填字段]","time":1596032651175029000}
2020/07/29 22:25:58 {"callers":["/Users/taotao/go_www/src/blog_service/main.go: 47 main.init.0"],"level":"error","message":"app.BindAndValid errs:[AppKey为必填字段 AppSecret为必填字段]","time":1596032758214896000}
2020/07/29 22:26:00 {"callers":["/Users/taotao/go_www/src/blog_service/main.go: 47 main.init.0"],"level":"error","message":"app.BindAndValid errs:[AppKey为必填字段 AppSecret为必填字段]","time":1596032760687824000}
2020/07/29 22:26:33 {"callers":["/Users/taotao/go_www/src/blog_service/main.go: 47 main.init.0"],"level":"error","message":"app.BindAndValid errs:[AppKey为必填字段 AppSecret为必填字段]","time":1596032793904005000}
2020/07/29 22:26:37 {"callers":["/Users/taotao/go_www/src/blog_service/main.go: 47 main.init.0"],"level":"error","message":"app.BindAndValid errs:[AppKey为必填字段 AppSecret为必填字段]","time":1596032797641917000}
2020/07/29 22:26:40 {"callers":["/Users/taotao/go_www/src/blog_service/main.go: 47 main.init.0"],"level":"error","message":"app.BindAndValid errs:[AppKey为必填字段 AppSecret为必填字段]","time":1596032800214652000}
2020/07/29 22:26:40 {"callers":["/Users/taotao/go_www/src/blog_service/main.go: 47 main.init.0"],"level":"error","message":"app.BindAndValid errs:[AppKey为必填字段 AppSecret为必填字段]","time":1596032800788722000}
2020/07/29 22:26:40 {"callers":["/Users/taotao/go_www/src/blog_service/main.go: 47 main.init.0"],"level":"error","message":"app.BindAndValid errs:[AppKey为必填字段 AppSecret为必填字段]","time":1596032800978408000}
2020/07/29 22:26:41 {"callers":["/Users/taotao/go_www/src/blog_service/main.go: 47 main.init.0"],"level":"error","message":"app.BindAndValid errs:[AppKey为必填字段 AppSecret为必填字段]","time":1596032801177495000}
2020/07/29 23:25:26 {"callers":["/Users/taotao/go_www/src/blog_service/main.go: 50 main.init.0"],"level":"error","message":"app.BindAndValid errs:[]","span_id":"7787b71f184617c6","time":1596036326419406000,"trace_id":"7787b71f184617c6"}
2020/07/29 23:27:25 {"callers":["/Users/taotao/go_www/src/blog_service/main.go: 50 main.init.0"],"level":"error","message":"app.BindAndValid errs:[]","span_id":"61bc8bb9a76c5b41","time":1596036445745550000,"trace_id":"61bc8bb9a76c5b41"}
2020/07/29 23:30:56 {"callers":["/Users/taotao/go_www/src/blog_service/main.go: 50 main.init.0"],"level":"info","message":"access log: method: GET, status_code: 400,begin_time: 1596036656, end_time: 1596036656","request":"","response":"{\"code\":10000001,\"msg\":\"入参失败\"}","span_id":"2ed480ee1dff986a","time":1596036656184715000,"trace_id":"2ed480ee1dff986a"}
2020/07/29 23:33:19 {"callers":["/Users/taotao/go_www/src/blog_service/main.go: 50 main.init.0"],"level":"info","message":"access log: method: GET, status_code: 400,begin_time: 1596036799, end_time: 1596036799","request":"","response":"{\"code\":10000001,\"details\":[\"AppKey为必填字段\",\"AppSecret为必填字段\"],\"msg\":\"入参失败\"}","span_id":"7185de00acbc7796","time":1596036799813431000,"trace_id":"7185de00acbc7796"}
2020/07/29 23:33:33 {"callers":["/Users/taotao/go_www/src/blog_service/main.go: 50 main.init.0"],"level":"info","message":"access log: method: GET, status_code: 400,begin_time: 1596036813, end_time: 1596036813","request":"","response":"{\"code\":10000001,\"details\":[\"AppKey为必填字段\",\"AppSecret为必填字段\"],\"msg\":\"入参失败\"}","span_id":"74b9d9835c736fcd","time":1596036813813308000,"trace_id":"74b9d9835c736fcd"}
2020/07/29 23:34:55 {"callers":["/Users/taotao/go_www/src/blog_service/main.go: 50 main.init.0"],"level":"info","message":"access log: method: GET, status_code: 400,begin_time: 1596036895, end_time: 1596036895\n","request":"","response":"{\"code\":10000001,\"details\":[\"AppKey为必填字段\",\"AppSecret为必填字段\"],\"msg\":\"入参失败\"}","span_id":"59b30442ffd3e28e","time":1596036895852977000,"trace_id":"59b30442ffd3e28e"}
2020/07/29 23:37:50 {"callers":["/Users/taotao/go_www/src/blog_service/main.go: 50 main.init.0"],"level":"info","message":"access log: method: GET, status_code: 400,begin_time: 1596037070, end_time: 1596037070\n","request":"","response":"{\"code\":10000001,\"details\":[\"AppKey为必填字段\",\"AppSecret为必填字段\"],\"msg\":\"入参失败\"}","span_id":"44a15a5f79f8281d","time":1596037070035273000,"trace_id":"44a15a5f79f8281d"}
2020/07/29 23:38:02 {"callers":["/Users/taotao/go_www/src/blog_service/main.go: 50 main.init.0"],"level":"info","message":"access log: method: GET, status_code: 400,begin_time: 1596037082, end_time: 1596037082\n","request":"","response":"{\"code\":10000001,\"details\":[\"AppKey为必填字段\",\"AppSecret为必填字段\"],\"msg\":\"入参失败\"}","span_id":"199d2a72e8700d62","time":1596037082843499000,"trace_id":"199d2a72e8700d62"}
